<?xml version="1.0" encoding="UTF-8"?>
<testsuites name="TestSuite" time="51" tests="1" failures="0" errors="0">
   <testsuite name="TestSuite" tests="1" failures="0" errors="0" time="51" timestamp="2018-07-17 09:19:48" hostname="tllabra - RI-A105-P05.mshome.net" id="Test Suites/TestSuite">
      <properties>
         <property name="deviceName" value=""/>
         <property name="devicePlatform" value=""/>
         <property name="logFolder" value="C:\\Users\\tllabra\\Katalon Studio\\wanderingtest1\\Reports\\TestSuite\\20180717_091947"/>
         <property name="logFiles" value="C:\\Users\\tllabra\\Katalon Studio\\wanderingtest1\\Reports\\TestSuite\\20180717_091947\\execution0.log"/>
         <property name="attachments" value="C:\\Users\\tllabra\\Desktop\\kuva2.jpg"/>
         <property name="hostName" value="tllabra - RI-A105-P05.mshome.net"/>
         <property name="os" value="Windows 10 64bit"/>
         <property name="katalonVersion" value="5.5.0.1"/>
         <property name="browser" value="Firefox 59.0"/>
         <property name="hostAddress" value="172.18.81.177"/>
         <property name="sessionId" value="02e98882-95a5-43ef-9ad1-11e190dfa8ec"/>
         <property name="seleniumVersion" value="3.7.1"/>
         <property name="proxyInformation" value="ProxyInformation{proxyOption=NO_PROXY, proxyServerType=HTTP, password=, proxyServerAddress=, proxyServerPort=0}"/>
         <property name="platform" value="Windows 10"/>
      </properties>
      <testcase name="Test Cases/Offices" classname="Test Cases/Offices" status="PASSED">
         <system-out><![CDATA[2018-07-17 09:19:48 - [TEST_CASE][PASSED] - Test Cases/Offices: Test Cases/Offices

2018-07-17 09:19:49 - [TEST_STEP][PASSED] - openBrowser: Browser is opened with url: ''

2018-07-17 09:19:52 - [MESSAGE][PASSED] - Browser is opened with url: ''

2018-07-17 09:19:52 - [TEST_STEP][PASSED] - maximizeWindow: Current window maximized

2018-07-17 09:19:52 - [MESSAGE][PASSED] - Current window maximized

2018-07-17 09:19:52 - [TEST_STEP][PASSED] - navigateToUrl: Navigate to 'https://develop-wanderingtailweb.azurewebsites.net/' successfully

2018-07-17 09:19:53 - [MESSAGE][PASSED] - Navigate to 'https://develop-wanderingtailweb.azurewebsites.net/' successfully

2018-07-17 09:19:53 - [TEST_STEP][PASSED] - setText: Text 'eemeli1400@student.hamk.fi' is set on object 'Object Repository/Page_Log in - Wandering Tail Oy (2)/input_Email'

2018-07-17 09:19:53 - [MESSAGE][PASSED] - Text 'eemeli1400@student.hamk.fi' is set on object 'Object Repository/Page_Log in - Wandering Tail Oy (2)/input_Email'

2018-07-17 09:19:53 - [TEST_STEP][PASSED] - setEncryptedText: Text ****** has been set on object 'Object Repository/Page_Log in - Wandering Tail Oy (2)/input_Password'

2018-07-17 09:19:54 - [MESSAGE][PASSED] - Text ****** has been set on object 'Object Repository/Page_Log in - Wandering Tail Oy (2)/input_Password'

2018-07-17 09:19:54 - [TEST_STEP][PASSED] - click: Object: 'Object Repository/Page_Log in - Wandering Tail Oy (2)/input_btn btn-primary col-xs-1' is clicked on

2018-07-17 09:19:59 - [MESSAGE][PASSED] - Object: 'Object Repository/Page_Log in - Wandering Tail Oy (2)/input_btn btn-primary col-xs-1' is clicked on

2018-07-17 09:19:59 - [TEST_STEP][PASSED] - click: Object: 'Object Repository/Page_Homepage - Wandering Tail Oy (6)/a_Offices' is clicked on

2018-07-17 09:20:22 - [MESSAGE][PASSED] - Object: 'Object Repository/Page_Homepage - Wandering Tail Oy (6)/a_Offices' is clicked on

2018-07-17 09:20:22 - [TEST_STEP][PASSED] - click: Object: 'Object Repository/Page_My offices - Wandering Tail Oy (5)/a_Change image' is clicked on

2018-07-17 09:20:22 - [MESSAGE][PASSED] - Object: 'Object Repository/Page_My offices - Wandering Tail Oy (5)/a_Change image' is clicked on

2018-07-17 09:20:22 - [TEST_STEP][PASSED] - takeScreenshot: Taking screenshot successfully

2018-07-17 09:20:22 - [MESSAGE][PASSED] - Taking screenshot successfully
[[ATTACHMENT|C:\\Users\\tllabra\\Desktop\\kuva2.jpg]]

2018-07-17 09:20:22 - [TEST_STEP][PASSED] - com.katalon.WebUICustomKeyword.uploadFile: com.katalon.WebUICustomKeyword.uploadFile is PASSED

2018-07-17 09:20:23 - [MESSAGE][PASSED] - Object: 'Object Repository/Page_Change image - Wandering Tail (1)/label_Upload image' is clicked on

2018-07-17 09:20:25 - [MESSAGE][PASSED] - com.katalon.WebUICustomKeyword.uploadFile is PASSED

2018-07-17 09:20:25 - [TEST_STEP][PASSED] - delay: Delayed 1 second(s)

2018-07-17 09:20:26 - [MESSAGE][PASSED] - Delayed 1 second(s)

2018-07-17 09:20:26 - [TEST_STEP][PASSED] - click: Object: 'Object Repository/Page_Change image - Wandering Tail (4)/button_Save image' is clicked on

2018-07-17 09:20:26 - [MESSAGE][PASSED] - Object: 'Object Repository/Page_Change image - Wandering Tail (4)/button_Save image' is clicked on

2018-07-17 09:20:26 - [TEST_STEP][PASSED] - verifyElementPresent: Object 'Object Repository/Page_My offices - Wandering Tail Oy (10)/div_Office image updated.' is present

2018-07-17 09:20:31 - [MESSAGE][PASSED] - Object 'Object Repository/Page_My offices - Wandering Tail Oy (10)/div_Office image updated.' is present

2018-07-17 09:20:31 - [TEST_STEP][PASSED] - click: Object: 'Object Repository/Page_My offices - Wandering Tail Oy (6)/a_Change map marker' is clicked on

2018-07-17 09:20:32 - [MESSAGE][PASSED] - Object: 'Object Repository/Page_My offices - Wandering Tail Oy (6)/a_Change map marker' is clicked on

2018-07-17 09:20:32 - [TEST_STEP][PASSED] - selectOptionByValue: All options with value '11' are selected in object 'Object Repository/Page_Change map marker - Wandering (1)/select_Please select...Dog foo'  using regular expression

2018-07-17 09:20:32 - [MESSAGE][PASSED] - All options with value '11' are selected in object 'Object Repository/Page_Change map marker - Wandering (1)/select_Please select...Dog foo'  using regular expression

2018-07-17 09:20:32 - [TEST_STEP][PASSED] - click: Object: 'Object Repository/Page_Change map marker - Wandering (1)/input_btn btn-primary col-xs-1' is clicked on

2018-07-17 09:20:32 - [MESSAGE][PASSED] - Object: 'Object Repository/Page_Change map marker - Wandering (1)/input_btn btn-primary col-xs-1' is clicked on

2018-07-17 09:20:32 - [TEST_STEP][PASSED] - click: Object: 'Object Repository/Page_My offices - Wandering Tail Oy (7)/a_Change coordinates' is clicked on

2018-07-17 09:20:33 - [MESSAGE][PASSED] - Object: 'Object Repository/Page_My offices - Wandering Tail Oy (7)/a_Change coordinates' is clicked on

2018-07-17 09:20:33 - [TEST_STEP][PASSED] - click: Object: 'Object Repository/Page_Change coordinates - Wandering (2)/div_-Leaflet   OpenStreetMap' is clicked on

2018-07-17 09:20:34 - [MESSAGE][PASSED] - Object: 'Object Repository/Page_Change coordinates - Wandering (2)/div_-Leaflet   OpenStreetMap' is clicked on

2018-07-17 09:20:34 - [TEST_STEP][PASSED] - click: Object: 'Object Repository/Page_Change coordinates - Wandering (2)/input_btn btn-primary' is clicked on

2018-07-17 09:20:34 - [MESSAGE][PASSED] - Object: 'Object Repository/Page_Change coordinates - Wandering (2)/input_btn btn-primary' is clicked on

2018-07-17 09:20:34 - [TEST_STEP][PASSED] - click: Object: 'Object Repository/Page_My offices - Wandering Tail Oy (7)/a_Change name' is clicked on

2018-07-17 09:20:35 - [MESSAGE][PASSED] - Object: 'Object Repository/Page_My offices - Wandering Tail Oy (7)/a_Change name' is clicked on

2018-07-17 09:20:35 - [TEST_STEP][PASSED] - click: Object: 'Object Repository/Page_Change office name - Wandering/div_Office name' is clicked on

2018-07-17 09:20:35 - [MESSAGE][PASSED] - Object: 'Object Repository/Page_Change office name - Wandering/div_Office name' is clicked on

2018-07-17 09:20:35 - [TEST_STEP][PASSED] - setText: Text 'hei' is set on object 'Object Repository/Page_Change office name - Wandering/input_Name'

2018-07-17 09:20:35 - [MESSAGE][PASSED] - Text 'hei' is set on object 'Object Repository/Page_Change office name - Wandering/input_Name'

2018-07-17 09:20:35 - [TEST_STEP][PASSED] - click: Object: 'Object Repository/Page_Change office name - Wandering/input_btn btn-primary' is clicked on

2018-07-17 09:20:35 - [MESSAGE][PASSED] - Object: 'Object Repository/Page_Change office name - Wandering/input_btn btn-primary' is clicked on

2018-07-17 09:20:35 - [TEST_STEP][PASSED] - click: Object: 'Object Repository/Page_My offices - Wandering Tail Oy (8)/a_Change description' is clicked on

2018-07-17 09:20:36 - [MESSAGE][PASSED] - Object: 'Object Repository/Page_My offices - Wandering Tail Oy (8)/a_Change description' is clicked on

2018-07-17 09:20:36 - [TEST_STEP][PASSED] - setText: Text 'koira' is set on object 'Object Repository/Page_Change description - Wandering/textarea_Description'

2018-07-17 09:20:36 - [MESSAGE][PASSED] - Text 'koira' is set on object 'Object Repository/Page_Change description - Wandering/textarea_Description'

2018-07-17 09:20:36 - [TEST_STEP][PASSED] - click: Object: 'Object Repository/Page_Change description - Wandering/input_btn btn-primary' is clicked on

2018-07-17 09:20:36 - [MESSAGE][PASSED] - Object: 'Object Repository/Page_Change description - Wandering/input_btn btn-primary' is clicked on

2018-07-17 09:20:36 - [TEST_STEP][PASSED] - click: Object: 'Object Repository/Page_My offices - Wandering Tail Oy (8)/a_Change contact information' is clicked on

2018-07-17 09:20:37 - [MESSAGE][PASSED] - Object: 'Object Repository/Page_My offices - Wandering Tail Oy (8)/a_Change contact information' is clicked on

2018-07-17 09:20:37 - [TEST_STEP][PASSED] - setText: Text '123' is set on object 'Object Repository/Page_Change contact infromation - W/input_Street'

2018-07-17 09:20:38 - [MESSAGE][PASSED] - Text '123' is set on object 'Object Repository/Page_Change contact infromation - W/input_Street'

2018-07-17 09:20:38 - [TEST_STEP][PASSED] - setText: Text '123' is set on object 'Object Repository/Page_Change contact infromation - W/input_ZipCode'

2018-07-17 09:20:38 - [MESSAGE][PASSED] - Text '123' is set on object 'Object Repository/Page_Change contact infromation - W/input_ZipCode'

2018-07-17 09:20:38 - [TEST_STEP][PASSED] - setText: Text '123' is set on object 'Object Repository/Page_Change contact infromation - W/input_City'

2018-07-17 09:20:38 - [MESSAGE][PASSED] - Text '123' is set on object 'Object Repository/Page_Change contact infromation - W/input_City'

2018-07-17 09:20:38 - [TEST_STEP][PASSED] - setText: Text '123' is set on object 'Object Repository/Page_Change contact infromation - W/input_Country'

2018-07-17 09:20:38 - [MESSAGE][PASSED] - Text '123' is set on object 'Object Repository/Page_Change contact infromation - W/input_Country'

2018-07-17 09:20:38 - [TEST_STEP][PASSED] - setText: Text '123' is set on object 'Object Repository/Page_Change contact infromation - W/input_Phone'

2018-07-17 09:20:38 - [MESSAGE][PASSED] - Text '123' is set on object 'Object Repository/Page_Change contact infromation - W/input_Phone'

2018-07-17 09:20:38 - [TEST_STEP][PASSED] - setText: Text '123' is set on object 'Object Repository/Page_Change contact infromation - W/input_Email'

2018-07-17 09:20:38 - [MESSAGE][PASSED] - Text '123' is set on object 'Object Repository/Page_Change contact infromation - W/input_Email'

2018-07-17 09:20:38 - [TEST_STEP][PASSED] - setText: Text '123' is set on object 'Object Repository/Page_Change contact infromation - W/input_Facebook'

2018-07-17 09:20:38 - [MESSAGE][PASSED] - Text '123' is set on object 'Object Repository/Page_Change contact infromation - W/input_Facebook'

2018-07-17 09:20:38 - [TEST_STEP][PASSED] - setText: Text '123' is set on object 'Object Repository/Page_Change contact infromation - W/input_Website'

2018-07-17 09:20:38 - [MESSAGE][PASSED] - Text '123' is set on object 'Object Repository/Page_Change contact infromation - W/input_Website'

2018-07-17 09:20:38 - [TEST_STEP][PASSED] - click: Object: 'Object Repository/Page_Change contact infromation - W/input_btn btn-primary' is clicked on

2018-07-17 09:20:38 - [MESSAGE][PASSED] - Object: 'Object Repository/Page_Change contact infromation - W/input_btn btn-primary' is clicked on

2018-07-17 09:20:38 - [TEST_STEP][PASSED] - click: Object: 'Object Repository/Page_My offices - Wandering Tail Oy (8)/a_Change opening hours' is clicked on

2018-07-17 09:20:39 - [MESSAGE][PASSED] - Object: 'Object Repository/Page_My offices - Wandering Tail Oy (8)/a_Change opening hours' is clicked on

2018-07-17 09:20:39 - [TEST_STEP][PASSED] - setText: Text '8-16' is set on object 'Object Repository/Page_Change opening hours - Wanderi/textarea_OpeningHours'

2018-07-17 09:20:39 - [MESSAGE][PASSED] - Text '8-16' is set on object 'Object Repository/Page_Change opening hours - Wanderi/textarea_OpeningHours'

2018-07-17 09:20:39 - [TEST_STEP][PASSED] - click: Object: 'Object Repository/Page_Change opening hours - Wanderi/input_btn btn-primary' is clicked on

2018-07-17 09:20:39 - [MESSAGE][PASSED] - Object: 'Object Repository/Page_Change opening hours - Wanderi/input_btn btn-primary' is clicked on

2018-07-17 09:20:39 - [TEST_STEP][PASSED] - closeBrowser: Browser is closed

2018-07-17 09:20:39 - [MESSAGE][PASSED] - Browser is closed]]></system-out>
         <system-err><![CDATA[]]></system-err>
      </testcase>
      <system-out><![CDATA[2018-07-17 09:19:48 - [TEST_SUITE][PASSED] - TestSuite: Test Cases/Offices]]></system-out>
      <system-err><![CDATA[]]></system-err>
   </testsuite>
</testsuites>
